This is pdfTeX, Version 3.14159265-2.6-1.40.21 (MiKTeX 2.9.7400 64-bit) (preloaded format=pdflatex 2020.4.30)  12 MAY 2020 22:36
entering extended mode
**./PROJET-DevMobile.tex
(PROJET-DevMobile.tex
LaTeX2e <2020-02-02> patch level 5
L3 programming layer <2020-04-06>
("C:\Users\adolp\AppData\Local\Programs\MiKTeX 2.9\tex/latex/base\report.cls"
Document Class: report 2019/12/20 v1.4l Standard LaTeX document class
("C:\Users\adolp\AppData\Local\Programs\MiKTeX 2.9\tex/latex/base\size12.clo"
File: size12.clo 2019/12/20 v1.4l Standard LaTeX file (size option)
)
\c@part=\count167
\c@chapter=\count168
\c@section=\count169
\c@subsection=\count170
\c@subsubsection=\count171
\c@paragraph=\count172
\c@subparagraph=\count173
\c@figure=\count174
\c@table=\count175
\abovecaptionskip=\skip47
\belowcaptionskip=\skip48
\bibindent=\dimen134
)
("C:\Users\adolp\AppData\Local\Programs\MiKTeX 2.9\tex/latex/fncychap\fncychap.
sty"
Package: fncychap 2007/07/30 v1.34 LaTeX package (Revised chapters)
\RW=\skip49
\mylen=\skip50
\myhi=\skip51
\px=\skip52
\py=\skip53
\pyy=\skip54
\pxx=\skip55
)
("C:\Users\adolp\AppData\Local\Programs\MiKTeX 2.9\tex/latex/titlesec\titlesec.
sty"
Package: titlesec 2019/10/16 v2.13 Sectioning titles
\ttl@box=\box45
\beforetitleunit=\skip56
\aftertitleunit=\skip57
\ttl@plus=\dimen135
\ttl@minus=\dimen136
\ttl@toksa=\toks15
\titlewidth=\dimen137
\titlewidthlast=\dimen138
\titlewidthfirst=\dimen139
)
("C:\Users\adolp\AppData\Local\Programs\MiKTeX 2.9\tex/latex/biblatex\biblatex.
sty"
Package: biblatex 2019/12/01 v3.14 programmable bibliographies (PK/MW)

("C:\Users\adolp\AppData\Local\Programs\MiKTeX 2.9\tex/latex/pdftexcmds\pdftexc
mds.sty"
Package: pdftexcmds 2019/11/24 v0.31 Utility functions of pdfTeX for LuaTeX (HO
)

("C:\Users\adolp\AppData\Local\Programs\MiKTeX 2.9\tex/generic/infwarerr\infwar
err.sty"
Package: infwarerr 2019/12/03 v1.5 Providing info/warning/error messages (HO)
)
("C:\Users\adolp\AppData\Local\Programs\MiKTeX 2.9\tex/generic/iftex\iftex.sty"
Package: iftex 2020/03/06 v1.0d TeX engine tests
)
("C:\Users\adolp\AppData\Local\Programs\MiKTeX 2.9\tex/generic/ltxcmds\ltxcmds.
sty"
Package: ltxcmds 2019/12/15 v1.24 LaTeX kernel commands for general use (HO)
)
Package pdftexcmds Info: \pdf@primitive is available.
Package pdftexcmds Info: \pdf@ifprimitive is available.
Package pdftexcmds Info: \pdfdraftmode found.
)
("C:\Users\adolp\AppData\Local\Programs\MiKTeX 2.9\tex/latex/etoolbox\etoolbox.
sty"
Package: etoolbox 2019/09/21 v2.5h e-TeX tools for LaTeX (JAW)
\etb@tempcnta=\count176
)
("C:\Users\adolp\AppData\Local\Programs\MiKTeX 2.9\tex/latex/graphics\keyval.st
y"
Package: keyval 2014/10/28 v1.15 key=value parser (DPC)
\KV@toks@=\toks16
)
("C:\Users\adolp\AppData\Local\Programs\MiKTeX 2.9\tex/latex/kvoptions\kvoption
s.sty"
Package: kvoptions 2019/11/29 v3.13 Key value format for package options (HO)

("C:\Users\adolp\AppData\Local\Programs\MiKTeX 2.9\tex/generic/kvsetkeys\kvsetk
eys.sty"
Package: kvsetkeys 2019/12/15 v1.18 Key value parser (HO)
))
("C:\Users\adolp\AppData\Local\Programs\MiKTeX 2.9\tex/latex/logreq\logreq.sty"
Package: logreq 2010/08/04 v1.0 xml request logger
\lrq@indent=\count177
("C:\Users\adolp\AppData\Local\Programs\MiKTeX 2.9\tex/latex/logreq\logreq.def"
File: logreq.def 2010/08/04 v1.0 logreq spec v1.0
)) ("C:\Users\adolp\AppData\Local\Programs\MiKTeX 2.9\tex/latex/base\ifthen.sty
"
Package: ifthen 2014/09/29 v1.1c Standard LaTeX ifthen package (DPC)
) ("C:\Users\adolp\AppData\Local\Programs\MiKTeX 2.9\tex/latex/url\url.sty"
\Urlmuskip=\muskip16
Package: url 2013/09/16  ver 3.4  Verb mode for urls, etc.
)
\c@tabx@nest=\count178
\c@listtotal=\count179
\c@listcount=\count180
\c@liststart=\count181
\c@liststop=\count182
\c@citecount=\count183
\c@citetotal=\count184
\c@multicitecount=\count185
\c@multicitetotal=\count186
\c@instcount=\count187
\c@maxnames=\count188
\c@minnames=\count189
\c@maxitems=\count190
\c@minitems=\count191
\c@citecounter=\count192
\c@maxcitecounter=\count193
\c@savedcitecounter=\count194
\c@uniquelist=\count195
\c@uniquename=\count196
\c@refsection=\count197
\c@refsegment=\count198
\c@maxextratitle=\count199
\c@maxextratitleyear=\count266
\c@maxextraname=\count267
\c@maxextradate=\count268
\c@maxextraalpha=\count269
\c@abbrvpenalty=\count270
\c@highnamepenalty=\count271
\c@lownamepenalty=\count272
\c@maxparens=\count273
\c@parenlevel=\count274
\blx@tempcnta=\count275
\blx@tempcntb=\count276
\blx@tempcntc=\count277
\blx@maxsection=\count278
\blx@maxsegment@0=\count279
\blx@notetype=\count280
\blx@parenlevel@text=\count281
\blx@parenlevel@foot=\count282
\blx@sectionciteorder@0=\count283
\blx@entrysetcounter=\count284
\labelnumberwidth=\skip58
\labelalphawidth=\skip59
\biblabelsep=\skip60
\bibitemsep=\skip61
\bibnamesep=\skip62
\bibinitsep=\skip63
\bibparsep=\skip64
\bibhang=\skip65
\blx@bcfin=\read2
\blx@bcfout=\write3
\blx@langwohyphens=\language78
\c@mincomprange=\count285
\c@maxcomprange=\count286
\c@mincompwidth=\count287
Package biblatex Info: Trying to load biblatex default data model...
Package biblatex Info: ... file 'blx-dm.def' found.

("C:\Users\adolp\AppData\Local\Programs\MiKTeX 2.9\tex/latex/biblatex\blx-dm.de
f"
File: blx-dm.def 2019/12/01 v3.14 biblatex localization (PK/MW)
)
Package biblatex Info: Trying to load biblatex custom data model...
Package biblatex Info: ... file 'biblatex-dm.cfg' not found.
\c@afterword=\count288
\c@savedafterword=\count289
\c@annotator=\count290
\c@savedannotator=\count291
\c@author=\count292
\c@savedauthor=\count293
\c@bookauthor=\count294
\c@savedbookauthor=\count295
\c@commentator=\count296
\c@savedcommentator=\count297
\c@editor=\count298
\c@savededitor=\count299
\c@editora=\count300
\c@savededitora=\count301
\c@editorb=\count302
\c@savededitorb=\count303
\c@editorc=\count304
\c@savededitorc=\count305
\c@foreword=\count306
\c@savedforeword=\count307
\c@holder=\count308
\c@savedholder=\count309
\c@introduction=\count310
\c@savedintroduction=\count311
\c@namea=\count312
\c@savednamea=\count313
\c@nameb=\count314
\c@savednameb=\count315
\c@namec=\count316
\c@savednamec=\count317
\c@translator=\count318
\c@savedtranslator=\count319
\c@shortauthor=\count320
\c@savedshortauthor=\count321
\c@shorteditor=\count322
\c@savedshorteditor=\count323
\c@labelname=\count324
\c@savedlabelname=\count325
\c@institution=\count326
\c@savedinstitution=\count327
\c@lista=\count328
\c@savedlista=\count329
\c@listb=\count330
\c@savedlistb=\count331
\c@listc=\count332
\c@savedlistc=\count333
\c@listd=\count334
\c@savedlistd=\count335
\c@liste=\count336
\c@savedliste=\count337
\c@listf=\count338
\c@savedlistf=\count339
\c@location=\count340
\c@savedlocation=\count341
\c@organization=\count342
\c@savedorganization=\count343
\c@origlocation=\count344
\c@savedoriglocation=\count345
\c@origpublisher=\count346
\c@savedorigpublisher=\count347
\c@publisher=\count348
\c@savedpublisher=\count349
\c@language=\count350
\c@savedlanguage=\count351
\c@origlanguage=\count352
\c@savedoriglanguage=\count353
\c@pageref=\count354
\c@savedpageref=\count355
\shorthandwidth=\skip66
\shortjournalwidth=\skip67
\shortserieswidth=\skip68
\shorttitlewidth=\skip69
\shortauthorwidth=\skip70
\shorteditorwidth=\skip71
\locallabelnumberwidth=\skip72
\locallabelalphawidth=\skip73
\localshorthandwidth=\skip74
\localshortjournalwidth=\skip75
\localshortserieswidth=\skip76
\localshorttitlewidth=\skip77
\localshortauthorwidth=\skip78
\localshorteditorwidth=\skip79
Package biblatex Info: Trying to load compatibility code...
Package biblatex Info: ... file 'blx-compat.def' found.

("C:\Users\adolp\AppData\Local\Programs\MiKTeX 2.9\tex/latex/biblatex\blx-compa
t.def"
File: blx-compat.def 2019/12/01 v3.14 biblatex compatibility (PK/MW)
)
Package biblatex Info: Trying to load generic definitions...
Package biblatex Info: ... file 'biblatex.def' found.

("C:\Users\adolp\AppData\Local\Programs\MiKTeX 2.9\tex/latex/biblatex\biblatex.
def"
File: biblatex.def 2019/12/01 v3.14 biblatex compatibility (PK/MW)
\c@textcitecount=\count356
\c@textcitetotal=\count357
\c@textcitemaxnames=\count358
\c@biburlbigbreakpenalty=\count359
\c@biburlbreakpenalty=\count360
\c@biburlnumpenalty=\count361
\c@biburlucpenalty=\count362
\c@biburllcpenalty=\count363
\biburlbigskip=\muskip17
\biburlnumskip=\muskip18
\biburlucskip=\muskip19
\biburllcskip=\muskip20
\c@smartand=\count364
)
Package biblatex Info: Trying to load bibliography style 'numeric'...
Package biblatex Info: ... file 'numeric.bbx' found.

("C:\Users\adolp\AppData\Local\Programs\MiKTeX 2.9\tex/latex/biblatex/bbx\numer
ic.bbx"
File: numeric.bbx 2019/12/01 v3.14 biblatex bibliography style (PK/MW)
Package biblatex Info: Trying to load bibliography style 'standard'...
Package biblatex Info: ... file 'standard.bbx' found.

("C:\Users\adolp\AppData\Local\Programs\MiKTeX 2.9\tex/latex/biblatex/bbx\stand
ard.bbx"
File: standard.bbx 2019/12/01 v3.14 biblatex bibliography style (PK/MW)
\c@bbx:relatedcount=\count365
\c@bbx:relatedtotal=\count366
))
Package biblatex Info: Trying to load citation style 'numeric'...
Package biblatex Info: ... file 'numeric.cbx' found.

("C:\Users\adolp\AppData\Local\Programs\MiKTeX 2.9\tex/latex/biblatex/cbx\numer
ic.cbx"
File: numeric.cbx 2019/12/01 v3.14 biblatex citation style (PK/MW)
Package biblatex Info: Redefining '\cite'.
Package biblatex Info: Redefining '\parencite'.
Package biblatex Info: Redefining '\footcite'.
Package biblatex Info: Redefining '\footcitetext'.
Package biblatex Info: Redefining '\smartcite'.
Package biblatex Info: Redefining '\supercite'.
Package biblatex Info: Redefining '\textcite'.
Package biblatex Info: Redefining '\textcites'.
Package biblatex Info: Redefining '\cites'.
Package biblatex Info: Redefining '\parencites'.
Package biblatex Info: Redefining '\smartcites'.
)
Package biblatex Info: Trying to load configuration file...
Package biblatex Info: ... file 'biblatex.cfg' found.

("C:\Users\adolp\AppData\Local\Programs\MiKTeX 2.9\tex/latex/biblatex\biblatex.
cfg"
File: biblatex.cfg 
))
("C:\Users\adolp\AppData\Local\Programs\MiKTeX 2.9\tex/latex/base\inputenc.sty"
Package: inputenc 2018/08/11 v1.3c Input encoding file
\inpenc@prehook=\toks17
\inpenc@posthook=\toks18
) ("C:\Users\adolp\AppData\Local\Programs\MiKTeX 2.9\tex/generic/babel\babel.st
y"
Package: babel 2020/03/22 3.42 The Babel package

("C:\Users\adolp\AppData\Local\Programs\MiKTeX 2.9\tex/generic/babel\switch.def
"
File: switch.def 2020/03/22 3.42 Babel switching mechanism
)
*************************************
* Local config file bblopts.cfg used
*
("C:\Users\adolp\AppData\Local\Programs\MiKTeX 2.9\tex/latex/arabi\bblopts.cfg"
File: bblopts.cfg 2005/09/08 v0.1 add Arabic and Farsi to "declared" options of
 babel
)
("C:\Users\adolp\AppData\Local\Programs\MiKTeX 2.9\tex/generic/babel-french\fre
nch.ldf"
Language: french 2020/01/30 v3.5g French support from the babel system

("C:\Users\adolp\AppData\Local\Programs\MiKTeX 2.9\tex/generic/babel\babel.def"
File: babel.def 2020/03/22 3.42 Babel common definitions
\babel@savecnt=\count367
\U@D=\dimen140

("C:\Users\adolp\AppData\Local\Programs\MiKTeX 2.9\tex/generic/babel\txtbabel.d
ef")
\bbl@readstream=\read3
\bbl@dirlevel=\count368
)
Package babel Info: \l@acadian = using hyphenrules for french
(babel)             (\language22) on input line 91.
Package babel Info: \l@canadien = using hyphenrules for french
(babel)             (\language22) on input line 92.
\FB@nonchar=\count369
Package babel Info: Making : an active character on input line 419.
Package babel Info: Making ; an active character on input line 420.
Package babel Info: Making ! an active character on input line 421.
Package babel Info: Making ? an active character on input line 422.
\FBguill@level=\count370
\FBold@everypar=\toks19
\FB@Mht=\dimen141
\mc@charclass=\count371
\mc@charfam=\count372
\mc@charslot=\count373
\std@mcc=\count374
\dec@mcc=\count375
\c@FBcaption@count=\count376
\listindentFB=\dimen142
\descindentFB=\dimen143
\labelindentFB=\dimen144
\labelwidthFB=\dimen145
\leftmarginFB=\dimen146
\parindentFFN=\dimen147
\FBfnindent=\dimen148
))
("C:\Users\adolp\AppData\Local\Programs\MiKTeX 2.9\tex/latex/carlisle\scalefnt.
sty")
("C:\Users\adolp\AppData\Local\Programs\MiKTeX 2.9\tex/latex/base\fontenc.sty"
Package: fontenc 2020/02/11 v2.0o Standard LaTeX package
)
("C:\Users\adolp\AppData\Local\Programs\MiKTeX 2.9\tex/latex/amsmath\amsmath.st
y"
Package: amsmath 2020/01/20 v2.17e AMS math features
\@mathmargin=\skip80

For additional information on amsmath, use the `?' option.

("C:\Users\adolp\AppData\Local\Programs\MiKTeX 2.9\tex/latex/amsmath\amstext.st
y"
Package: amstext 2000/06/29 v2.01 AMS text

("C:\Users\adolp\AppData\Local\Programs\MiKTeX 2.9\tex/latex/amsmath\amsgen.sty
"
File: amsgen.sty 1999/11/30 v2.0 generic functions
\@emptytoks=\toks20
\ex@=\dimen149
))
("C:\Users\adolp\AppData\Local\Programs\MiKTeX 2.9\tex/latex/amsmath\amsbsy.sty
"
Package: amsbsy 1999/11/29 v1.2d Bold Symbols
\pmbraise@=\dimen150
)
("C:\Users\adolp\AppData\Local\Programs\MiKTeX 2.9\tex/latex/amsmath\amsopn.sty
"
Package: amsopn 2016/03/08 v2.02 operator names
)
\inf@bad=\count377
LaTeX Info: Redefining \frac on input line 227.
\uproot@=\count378
\leftroot@=\count379
LaTeX Info: Redefining \overline on input line 389.
\classnum@=\count380
\DOTSCASE@=\count381
LaTeX Info: Redefining \ldots on input line 486.
LaTeX Info: Redefining \dots on input line 489.
LaTeX Info: Redefining \cdots on input line 610.
\Mathstrutbox@=\box46
\strutbox@=\box47
\big@size=\dimen151
LaTeX Font Info:    Redeclaring font encoding OML on input line 733.
LaTeX Font Info:    Redeclaring font encoding OMS on input line 734.
\macc@depth=\count382
\c@MaxMatrixCols=\count383
\dotsspace@=\muskip21
\c@parentequation=\count384
\dspbrk@lvl=\count385
\tag@help=\toks21
\row@=\count386
\column@=\count387
\maxfields@=\count388
\andhelp@=\toks22
\eqnshift@=\dimen152
\alignsep@=\dimen153
\tagshift@=\dimen154
\tagwidth@=\dimen155
\totwidth@=\dimen156
\lineht@=\dimen157
\@envbody=\toks23
\multlinegap=\skip81
\multlinetaggap=\skip82
\mathdisplay@stack=\toks24
LaTeX Info: Redefining \[ on input line 2859.
LaTeX Info: Redefining \] on input line 2860.
)
("C:\Users\adolp\AppData\Local\Programs\MiKTeX 2.9\tex/latex/amsfonts\amsfonts.
sty"
Package: amsfonts 2013/01/14 v3.01 Basic AMSFonts support
\symAMSa=\mathgroup4
\symAMSb=\mathgroup5
LaTeX Font Info:    Redeclaring math symbol \hbar on input line 98.
LaTeX Font Info:    Overwriting math alphabet `\mathfrak' in version `bold'
(Font)                  U/euf/m/n --> U/euf/b/n on input line 106.
)
("C:\Users\adolp\AppData\Local\Programs\MiKTeX 2.9\tex/latex/amsfonts\amssymb.s
ty"
Package: amssymb 2013/01/14 v3.01 AMS font symbols
)
("C:\Users\adolp\AppData\Local\Programs\MiKTeX 2.9\tex/latex/graphics\graphicx.
sty"
Package: graphicx 2019/11/30 v1.2a Enhanced LaTeX Graphics (DPC,SPQR)

("C:\Users\adolp\AppData\Local\Programs\MiKTeX 2.9\tex/latex/graphics\graphics.
sty"
Package: graphics 2019/11/30 v1.4a Standard LaTeX Graphics (DPC,SPQR)

("C:\Users\adolp\AppData\Local\Programs\MiKTeX 2.9\tex/latex/graphics\trig.sty"
Package: trig 2016/01/03 v1.10 sin cos tan (DPC)
)
("C:\Users\adolp\AppData\Local\Programs\MiKTeX 2.9\tex/latex/graphics-cfg\graph
ics.cfg"
File: graphics.cfg 2016/06/04 v1.11 sample graphics configuration
)
Package graphics Info: Driver file: pdftex.def on input line 105.

("C:\Users\adolp\AppData\Local\Programs\MiKTeX 2.9\tex/latex/graphics-def\pdfte
x.def"
File: pdftex.def 2018/01/08 v1.0l Graphics/color driver for pdftex
))
\Gin@req@height=\dimen158
\Gin@req@width=\dimen159
)
("C:\Users\adolp\AppData\Local\Programs\MiKTeX 2.9\tex/latex/preprint\fullpage.
sty"
Package: fullpage 1999/02/23 1.1 (PWD)
\FP@margin=\skip83
)
("C:\Users\adolp\AppData\Local\Programs\MiKTeX 2.9\tex/latex/caption\caption.st
y"
Package: caption 2020/01/03 v3.4h Customizing captions (AR)

("C:\Users\adolp\AppData\Local\Programs\MiKTeX 2.9\tex/latex/caption\caption3.s
ty"
Package: caption3 2020/01/03 v1.8h caption3 kernel (AR)
Package caption3 Info: TeX engine: e-TeX on input line 61.
\captionmargin=\dimen160
\captionmargin@=\dimen161
\captionwidth=\dimen162
\caption@tempdima=\dimen163
\caption@indent=\dimen164
\caption@parindent=\dimen165
\caption@hangindent=\dimen166
Package caption Info: Standard document class detected.
)
\c@caption@flags=\count389
\c@continuedfloat=\count390
)
("C:\Users\adolp\AppData\Local\Programs\MiKTeX 2.9\tex/latex/caption\subcaption
.sty"
Package: subcaption 2020/01/22 v1.3d Sub-captions (AR)
\c@subfigure=\count391
\c@subtable=\count392
)
("C:\Users\adolp\AppData\Local\Programs\MiKTeX 2.9\tex/latex/geometry\geometry.
sty"
Package: geometry 2020/01/02 v5.9 Page Geometry

("C:\Users\adolp\AppData\Local\Programs\MiKTeX 2.9\tex/generic/iftex\ifvtex.sty
"
Package: ifvtex 2019/10/25 v1.7 ifvtex legacy package. Use iftex instead.
)
\Gm@cnth=\count393
\Gm@cntv=\count394
\c@Gm@tempcnt=\count395
\Gm@bindingoffset=\dimen167
\Gm@wd@mp=\dimen168
\Gm@odd@mp=\dimen169
\Gm@even@mp=\dimen170
\Gm@layoutwidth=\dimen171
\Gm@layoutheight=\dimen172
\Gm@layouthoffset=\dimen173
\Gm@layoutvoffset=\dimen174
\Gm@dimlist=\toks25

("C:\Users\adolp\AppData\Local\Programs\MiKTeX 2.9\tex/latex/geometry\geometry.
cfg"))
("C:\Users\adolp\AppData\Local\Programs\MiKTeX 2.9\tex/latex/ragged2e\ragged2e.
sty"
Package: ragged2e 2019/07/28 v2.2 ragged2e Package (MS)

("C:\Users\adolp\AppData\Local\Programs\MiKTeX 2.9\tex/latex/ms\everysel.sty"
Package: everysel 2011/10/28 v1.2 EverySelectfont Package (MS)
)
\CenteringLeftskip=\skip84
\RaggedLeftLeftskip=\skip85
\RaggedRightLeftskip=\skip86
\CenteringRightskip=\skip87
\RaggedLeftRightskip=\skip88
\RaggedRightRightskip=\skip89
\CenteringParfillskip=\skip90
\RaggedLeftParfillskip=\skip91
\RaggedRightParfillskip=\skip92
\JustifyingParfillskip=\skip93
\CenteringParindent=\skip94
\RaggedLeftParindent=\skip95
\RaggedRightParindent=\skip96
\JustifyingParindent=\skip97
)

Package biblatex Warning: 'babel/polyglossia' detected but 'csquotes' missing.
(biblatex)                Loading 'csquotes' recommended.

\@quotelevel=\count396
\@quotereset=\count397

("C:\Users\adolp\AppData\Local\Programs\MiKTeX 2.9\tex/latex/l3backend\l3backen
d-pdfmode.def"
File: l3backend-pdfmode.def 2020-03-12 L3 backend support: PDF mode
\l__kernel_color_stack_int=\count398
\l__pdf_internal_box=\box48
) (PROJET-DevMobile.aux)
\openout1 = `PROJET-DevMobile.aux'.

LaTeX Font Info:    Checking defaults for OML/cmm/m/it on input line 21.
LaTeX Font Info:    ... okay on input line 21.
LaTeX Font Info:    Checking defaults for OMS/cmsy/m/n on input line 21.
LaTeX Font Info:    ... okay on input line 21.
LaTeX Font Info:    Checking defaults for OT1/cmr/m/n on input line 21.
LaTeX Font Info:    ... okay on input line 21.
LaTeX Font Info:    Checking defaults for T1/cmr/m/n on input line 21.
LaTeX Font Info:    ... okay on input line 21.
LaTeX Font Info:    Checking defaults for TS1/cmr/m/n on input line 21.
LaTeX Font Info:    ... okay on input line 21.
LaTeX Font Info:    Checking defaults for OMX/cmex/m/n on input line 21.
LaTeX Font Info:    ... okay on input line 21.
LaTeX Font Info:    Checking defaults for U/cmr/m/n on input line 21.
LaTeX Font Info:    ... okay on input line 21.
Package biblatex Info: Trying to load language 'french'...
Package biblatex Info: ... file 'french.lbx' found.

("C:\Users\adolp\AppData\Local\Programs\MiKTeX 2.9\tex/latex/biblatex/lbx\frenc
h.lbx"
File: french.lbx 2019/12/01 v3.14 biblatex localization (PK/MW)
)
Package biblatex Info: Input encoding 'utf8' detected.
Package biblatex Info: Automatic encoding selection.
(biblatex)             Assuming data encoding 'utf8'.
\openout3 = `PROJET-DevMobile.bcf'.

Package biblatex Info: Trying to load bibliographic data...
Package biblatex Info: ... file 'PROJET-DevMobile.bbl' found.
 (PROJET-DevMobile.bbl)
Package biblatex Info: Reference section=0 on input line 21.
Package biblatex Info: Reference segment=0 on input line 21.
LaTeX Info: Redefining \degres on input line 21.
LaTeX Info: Redefining \dots on input line 21.
LaTeX Info: Redefining \up on input line 21.

("C:\Users\adolp\AppData\Local\Programs\MiKTeX 2.9\tex/context/base/mkii\supp-p
df.mkii"
[Loading MPS to PDF converter (version 2006.09.02).]
\scratchcounter=\count399
\scratchdimen=\dimen175
\scratchbox=\box49
\nofMPsegments=\count400
\nofMParguments=\count401
\everyMPshowfont=\toks26
\MPscratchCnt=\count402
\MPscratchDim=\dimen176
\MPnumerator=\count403
\makeMPintoPDFobject=\count404
\everyMPtoPDFconversion=\toks27
)
("C:\Users\adolp\AppData\Local\Programs\MiKTeX 2.9\tex/latex/epstopdf-pkg\epsto
pdf-base.sty"
Package: epstopdf-base 2020-01-24 v2.11 Base part for package epstopdf
Package epstopdf-base Info: Redefining graphics rule for `.eps' on input line 4
85.
)
Package caption Info: Begin \AtBeginDocument code.
Package caption Info: End \AtBeginDocument code.

*geometry* driver: auto-detecting
*geometry* detected driver: pdftex
*geometry* verbose mode - [ preamble ] result:
* driver: pdftex
* paper: a4paper
* layout: <same size as paper>
* layoutoffset:(h,v)=(0.0pt,0.0pt)
* modes: 
* h-part:(L,W,R)=(56.9055pt, 483.69687pt, 56.9055pt)
* v-part:(T,H,B)=(56.9055pt, 731.23584pt, 56.9055pt)
* \paperwidth=597.50787pt
* \paperheight=845.04684pt
* \textwidth=483.69687pt
* \textheight=731.23584pt
* \oddsidemargin=-15.36449pt
* \evensidemargin=-15.36449pt
* \topmargin=-15.36449pt
* \headheight=0.0pt
* \headsep=0.0pt
* \topskip=12.0pt
* \footskip=30.0pt
* \marginparwidth=35.0pt
* \marginparsep=10.0pt
* \columnsep=10.0pt
* \skip\footins=10.8pt plus 4.0pt minus 2.0pt
* \hoffset=0.0pt
* \voffset=0.0pt
* \mag=1000
* \@twocolumnfalse
* \@twosidefalse
* \@mparswitchfalse
* \@reversemarginfalse
* (1in=72.27pt=25.4mm, 1cm=28.453pt)

ABD: EverySelectfont initializing macros
LaTeX Info: Redefining \selectfont on input line 21.
LaTeX Font Info:    Trying to load font information for U+msa on input line 26.


("C:\Users\adolp\AppData\Local\Programs\MiKTeX 2.9\tex/latex/amsfonts\umsa.fd"
File: umsa.fd 2013/01/14 v3.01 AMS symbols A
)
LaTeX Font Info:    Trying to load font information for U+msb on input line 26.

("C:\Users\adolp\AppData\Local\Programs\MiKTeX 2.9\tex/latex/amsfonts\umsb.fd"
File: umsb.fd 2013/01/14 v3.01 AMS symbols B
) [1

{C:/Users/adolp/AppData/Local/MiKTeX/2.9/pdftex/config/pdftex.map}]
Overfull \hbox (6.0pt too wide) in paragraph at lines 31--31
[][] 
 []

(PROJET-DevMobile.toc)
\tf@toc=\write4
\openout4 = `PROJET-DevMobile.toc'.

 [1

]
Chapitre 1.
[2

]
Chapitre 2.

Underfull \hbox (badness 10000) in paragraph at lines 66--67

 []

[3

]
<HomeWEvents.jpg, id=23, 406.51875pt x 881.2925pt>
File: HomeWEvents.jpg Graphic file (type jpg)
<use HomeWEvents.jpg>
Package pdftex.def Info: HomeWEvents.jpg  used on input line 82.
(pdftex.def)             Requested size: 145.11053pt x 314.57558pt.
<HomeNoEvent.jpg, id=24, 406.51875pt x 881.2925pt>
File: HomeNoEvent.jpg Graphic file (type jpg)
<use HomeNoEvent.jpg>
Package pdftex.def Info: HomeNoEvent.jpg  used on input line 85.
(pdftex.def)             Requested size: 145.11053pt x 314.57558pt.

Underfull \hbox (badness 10000) in paragraph at lines 93--94

 []

<FormWTask.jpg, id=25, 222.8325pt x 481.8pt>
File: FormWTask.jpg Graphic file (type jpg)
<use FormWTask.jpg>
Package pdftex.def Info: FormWTask.jpg  used on input line 108.
(pdftex.def)             Requested size: 145.11053pt x 313.75441pt.
<FormNoTask.jpg, id=26, 281.05pt x 609.27625pt>
File: FormNoTask.jpg Graphic file (type jpg)
<use FormNoTask.jpg>
Package pdftex.def Info: FormNoTask.jpg  used on input line 111.
(pdftex.def)             Requested size: 145.11053pt x 314.57564pt.
[4 <./HomeWEvents.jpg> <./HomeNoEvent.jpg>] [5 <./FormWTask.jpg> <./FormNoTask.
jpg>]
<SchemaBDD.png, id=34, 322.20375pt x 203.76125pt>
File: SchemaBDD.png Graphic file (type png)
<use SchemaBDD.png>
Package pdftex.def Info: SchemaBDD.png  used on input line 159.
(pdftex.def)             Requested size: 145.11053pt x 91.76944pt.
<TableEvent.png, id=36, 275.0275pt x 175.65625pt>
File: TableEvent.png Graphic file (type png)
<use TableEvent.png>
Package pdftex.def Info: TableEvent.png  used on input line 162.
(pdftex.def)             Requested size: 145.11053pt x 92.68192pt.
<TableTache.png, id=37, 376.40625pt x 177.66376pt>
File: TableTache.png Graphic file (type png)
<use TableTache.png>
Package pdftex.def Info: TableTache.png  used on input line 165.
(pdftex.def)             Requested size: 145.11053pt x 68.49428pt.

Underfull \hbox (badness 10000) in paragraph at lines 178--179

 []

<Template.png, id=38, 370.38374pt x 281.05pt>
File: Template.png Graphic file (type png)
<use Template.png>
Package pdftex.def Info: Template.png  used on input line 181.
(pdftex.def)             Requested size: 232.17242pt x 176.17471pt.
[6 <./SchemaBDD.png> <./TableEvent.png> <./TableTache.png> <./Template.png>]
[7]
Chapitre 3.
[8

]
Chapitre 4.
[9

] (PROJET-DevMobile.aux)
Package logreq Info: Writing requests to 'PROJET-DevMobile.run.xml'.
\openout1 = `PROJET-DevMobile.run.xml'.

 ) 
Here is how much of TeX's memory you used:
 13236 strings out of 480930
 227219 string characters out of 2899761
 864023 words of memory out of 3000000
 28954 multiletter control sequences out of 15000+200000
 548312 words of font info for 69 fonts, out of 3000000 for 9000
 1141 hyphenation exceptions out of 8191
 41i,7n,42p,834b,1756s stack positions out of 5000i,500n,10000p,200000b,50000s
 <C:\Users\adolp\AppData\Local\MiKTeX\2.9\fonts/pk/ljfour/jknappen/ec/dpi600\
eccc1200.pk> <C:\Users\adolp\AppData\Local\MiKTeX\2.9\fonts/pk/ljfour/jknappen/
ec/dpi600\ecbx1440.pk> <C:\Users\adolp\AppData\Local\MiKTeX\2.9\fonts/pk/ljfour
/jknappen/ec/dpi600\ecbx1728.pk> <C:\Users\adolp\AppData\Local\MiKTeX\2.9\fonts
/pk/ljfour/jknappen/ec/dpi600\tcrm1200.pk> <C:\Users\adolp\AppData\Local\MiKTeX
\2.9\fonts/pk/ljfour/jknappen/ec/dpi600\ecrm1728.pk> <C:\Users\adolp\AppData\Lo
cal\MiKTeX\2.9\fonts/pk/ljfour/jknappen/ec/dpi600\ecrm1200.pk> <C:\Users\adolp\
AppData\Local\MiKTeX\2.9\fonts/pk/ljfour/jknappen/ec/dpi600\ecbx1200.pk> <C:\Us
ers\adolp\AppData\Local\MiKTeX\2.9\fonts/pk/ljfour/jknappen/ec/dpi600\ecrm2488.
pk> <C:\Users\adolp\AppData\Local\MiKTeX\2.9\fonts/pk/ljfour/jknappen/ec/dpi600
\ecrm1440.pk> <C:\Users\adolp\AppData\Local\MiKTeX\2.9\fonts/pk/ljfour/jknappen
/ec/dpi600\ecrm2074.pk>
Output written on PROJET-DevMobile.pdf (10 pages, 226000 bytes).
PDF statistics:
 330 PDF objects out of 1000 (max. 8388607)
 0 named destinations out of 1000 (max. 500000)
 41 words of extra memory for PDF output out of 10000 (max. 10000000)

